#
# There is insufficient memory for the Java Runtime Environment to continue.
# Native memory allocation (malloc) failed to allocate 32756 bytes for ChunkPool::allocate
# Possible reasons:
#   The system is out of physical RAM or swap space
#   In 32 bit mode, the process size limit was hit
# Possible solutions:
#   Reduce memory load on the system
#   Increase physical memory or swap space
#   Check if swap backing store is full
#   Use 64 bit Java on a 64 bit OS
#   Decrease Java heap size (-Xmx/-Xms)
#   Decrease number of Java threads
#   Decrease Java thread stack sizes (-Xss)
#   Set larger code cache with -XX:ReservedCodeCacheSize=
# This output file may be truncated or incomplete.
#
#  Out of Memory Error (allocation.cpp:273), pid=20724, tid=0x00002a30
#
# JRE version: Java(TM) SE Runtime Environment (8.0_171-b11) (build 1.8.0_171-b11)
# Java VM: Java HotSpot(TM) Client VM (25.171-b11 mixed mode windows-x86 )
# Failed to write core dump. Minidumps are not enabled by default on client versions of Windows
#

---------------  T H R E A D  ---------------

Current thread (0x4885c000):  JavaThread "C1 CompilerThread0" daemon [_thread_in_native, id=10800, stack(0x49000000,0x49050000)]

Stack: [0x49000000,0x49050000],  sp=0x4904ef34,  free space=315k
Native frames: (J=compiled Java code, j=interpreted, Vv=VM code, C=native code)
V  [jvm.dll+0x1ab8cb]
V  [jvm.dll+0x1a3fc8]
V  [jvm.dll+0x8d491]
V  [jvm.dll+0x8d66d]
V  [jvm.dll+0x8dae7]
V  [jvm.dll+0xa5544]
V  [jvm.dll+0x2bbb0b]
V  [jvm.dll+0x2bbc2d]
V  [jvm.dll+0x28b7b3]
V  [jvm.dll+0x28b88b]
V  [jvm.dll+0x28b9da]
V  [jvm.dll+0x28bb48]
V  [jvm.dll+0x28bdc2]
V  [jvm.dll+0x70d8a]
V  [jvm.dll+0x7153f]
V  [jvm.dll+0x17eb50]
V  [jvm.dll+0x17f3ca]
V  [jvm.dll+0x1c3fe6]
C  [msvcr100.dll+0x5c556]
C  [msvcr100.dll+0x5c600]
C  [KERNEL32.DLL+0x18494]
C  [ntdll.dll+0x641c8]
C  [ntdll.dll+0x64198]
C  0x00000000


Current CompileTask:
C1:6941026 9731             org.eclipse.jdt.internal.corext.codemanipulation.StubUtility2Core::getVisibleConstructors (341 bytes)


---------------  P R O C E S S  ---------------

Java Threads: ( => current thread )
  0x4991f800 JavaThread "ForkJoinPool.commonPool-worker-0" daemon [_thread_in_vm, id=10956, stack(0x013f0000,0x01440000)]
  0x49921400 JavaThread "ForkJoinPool.commonPool-worker-3" daemon [_thread_blocked, id=6820, stack(0x01360000,0x013b0000)]
  0x4991ec00 JavaThread "ForkJoinPool.commonPool-worker-2" daemon [_thread_blocked, id=1628, stack(0x01310000,0x01360000)]
  0x4991e000 JavaThread "pool-26-thread-1" [_thread_blocked, id=19700, stack(0x4c870000,0x4c8c0000)]
  0x4991f400 JavaThread "Worker-26" [_thread_blocked, id=20612, stack(0x4e860000,0x4e8b0000)]
  0x4af78c00 JavaThread "Worker-25" [_thread_blocked, id=20956, stack(0x4e1c0000,0x4e210000)]
  0x4af79c00 JavaThread "Worker-24" [_thread_blocked, id=14168, stack(0x4e010000,0x4e060000)]
  0x4af7bc00 JavaThread "Worker-23" [_thread_blocked, id=8016, stack(0x4c5c0000,0x4c610000)]
  0x4af78000 JavaThread "Worker-22" [_thread_blocked, id=18524, stack(0x4a200000,0x4a250000)]
  0x4af7d000 JavaThread "Worker-18" [_thread_blocked, id=16808, stack(0x4c7e0000,0x4c830000)]
  0x4af7a400 JavaThread "Worker-16" [_thread_blocked, id=19372, stack(0x4a290000,0x4a2e0000)]
  0x4af7e800 JavaThread "Keep-Alive-SocketCleaner" daemon [_thread_blocked, id=15688, stack(0x4e370000,0x4e3c0000)]
  0x49921800 JavaThread "pool-1-thread-1" [_thread_in_native, id=19004, stack(0x4be10000,0x4be60000)]
  0x49c73000 JavaThread "Bundle File Closer" daemon [_thread_blocked, id=10508, stack(0x4a5b0000,0x4a600000)]
  0x49c6b800 JavaThread "Java indexing" daemon [_thread_blocked, id=7312, stack(0x4a520000,0x4a570000)]
  0x499ad400 JavaThread "Worker-JM" [_thread_blocked, id=16888, stack(0x49f70000,0x49fc0000)]
  0x48b2ac00 JavaThread "Start Level: Equinox Container: 70c46b57-b3ea-4d85-adc6-ce7ad2961d3a" daemon [_thread_blocked, id=9404, stack(0x494e0000,0x49530000)]
  0x48b27000 JavaThread "Framework Event Dispatcher: Equinox Container: 70c46b57-b3ea-4d85-adc6-ce7ad2961d3a" daemon [_thread_blocked, id=21212, stack(0x49450000,0x494a0000)]
  0x48b1c000 JavaThread "Refresh Thread: Equinox Container: 70c46b57-b3ea-4d85-adc6-ce7ad2961d3a" daemon [_thread_blocked, id=12100, stack(0x493c0000,0x49410000)]
  0x48abc000 JavaThread "Active Thread: Equinox Container: 70c46b57-b3ea-4d85-adc6-ce7ad2961d3a" [_thread_blocked, id=7644, stack(0x49330000,0x49380000)]
  0x48877000 JavaThread "Service Thread" daemon [_thread_blocked, id=19776, stack(0x49090000,0x490e0000)]
=>0x4885c000 JavaThread "C1 CompilerThread0" daemon [_thread_in_native, id=10800, stack(0x49000000,0x49050000)]
  0x48859800 JavaThread "Attach Listener" daemon [_thread_blocked, id=10392, stack(0x48f70000,0x48fc0000)]
  0x48859400 JavaThread "Signal Dispatcher" daemon [_thread_blocked, id=17856, stack(0x48ee0000,0x48f30000)]
  0x48852c00 JavaThread "Surrogate Locker Thread (Concurrent GC)" daemon [_thread_blocked, id=12716, stack(0x48e50000,0x48ea0000)]
  0x487ff400 JavaThread "Finalizer" daemon [_thread_blocked, id=12428, stack(0x48d50000,0x48da0000)]
  0x487fc400 JavaThread "Reference Handler" daemon [_thread_blocked, id=6488, stack(0x48cc0000,0x48d10000)]
  0x03110400 JavaThread "main" [_thread_blocked, id=18140, stack(0x01480000,0x014d0000)]

Other Threads:
  0x482fe800 VMThread [stack: 0x48c30000,0x48c80000] [id=20488]
  0x48894400 WatcherThread [stack: 0x49120000,0x49170000] [id=16964]

VM state:synchronizing (normal execution)

VM Mutex/Monitor currently owned by a thread:  ([mutex/lock_event])
[0x0326ccc8] Threads_lock - owner thread: 0x482fe800

Heap:
 garbage-first heap   total 134144K, used 79953K [0x05800000, 0x0590020c, 0x45800000)
  region size 1024K, 19 young (19456K), 3 survivors (3072K)
 Metaspace       used 32393K, capacity 33793K, committed 33920K, reserved 34176K

Heap Regions: (Y=young(eden), SU=young(survivor), HS=humongous(starts), HC=humongous(continues), CS=collection set, F=free, TS=gc time stamp, PTAMS=previous top-at-mark-start, NTAMS=next top-at-mark-start)
AC   0 HS    TS     0 PTAMS 0x05880010 NTAMS 0x05880010 space 1024K,  50% used [0x05800000, 0x05900000)
AC   0  O    TS     0 PTAMS 0x05a00000 NTAMS 0x05a00000 space 1024K, 100% used [0x05900000, 0x05a00000)
AC   0  O    TS     0 PTAMS 0x05b00000 NTAMS 0x05b00000 space 1024K, 100% used [0x05a00000, 0x05b00000)
AC   0  O    TS     0 PTAMS 0x05c00000 NTAMS 0x05c00000 space 1024K, 100% used [0x05b00000, 0x05c00000)
AC   0  O    TS     0 PTAMS 0x05d00000 NTAMS 0x05d00000 space 1024K, 100% used [0x05c00000, 0x05d00000)
AC   0  O    TS     0 PTAMS 0x05e00000 NTAMS 0x05e00000 space 1024K, 100% used [0x05d00000, 0x05e00000)
AC   0  O    TS     0 PTAMS 0x05f00000 NTAMS 0x05f00000 space 1024K, 100% used [0x05e00000, 0x05f00000)
AC   0  O    TS     0 PTAMS 0x06000000 NTAMS 0x06000000 space 1024K, 100% used [0x05f00000, 0x06000000)
AC   0  O    TS     0 PTAMS 0x06100000 NTAMS 0x06100000 space 1024K, 100% used [0x06000000, 0x06100000)
AC   0  O    TS     0 PTAMS 0x06200000 NTAMS 0x06200000 space 1024K, 100% used [0x06100000, 0x06200000)
AC   0  O    TS     0 PTAMS 0x06300000 NTAMS 0x06300000 space 1024K, 100% used [0x06200000, 0x06300000)
AC   0  O    TS     0 PTAMS 0x06400000 NTAMS 0x06400000 space 1024K, 100% used [0x06300000, 0x06400000)
AC   0  O    TS     0 PTAMS 0x06500000 NTAMS 0x06500000 space 1024K, 100% used [0x06400000, 0x06500000)
AC   0  O    TS     0 PTAMS 0x06600000 NTAMS 0x06600000 space 1024K, 100% used [0x06500000, 0x06600000)
AC   0  O    TS     0 PTAMS 0x06700000 NTAMS 0x06700000 space 1024K, 100% used [0x06600000, 0x06700000)
AC   0  O    TS     0 PTAMS 0x06800000 NTAMS 0x06800000 space 1024K, 100% used [0x06700000, 0x06800000)
AC   0  O    TS     0 PTAMS 0x06900000 NTAMS 0x06900000 space 1024K, 100% used [0x06800000, 0x06900000)
AC   0  O    TS     0 PTAMS 0x06a00000 NTAMS 0x06a00000 space 1024K, 100% used [0x06900000, 0x06a00000)
AC   0  O    TS     0 PTAMS 0x06b00000 NTAMS 0x06b00000 space 1024K, 100% used [0x06a00000, 0x06b00000)
AC   0  O    TS     0 PTAMS 0x06c00000 NTAMS 0x06c00000 space 1024K, 100% used [0x06b00000, 0x06c00000)
AC   0  O    TS     0 PTAMS 0x06d00000 NTAMS 0x06d00000 space 1024K, 100% used [0x06c00000, 0x06d00000)
AC   0  O    TS     0 PTAMS 0x06e00000 NTAMS 0x06e00000 space 1024K, 100% used [0x06d00000, 0x06e00000)
AC   0  O    TS     0 PTAMS 0x06f00000 NTAMS 0x06f00000 space 1024K, 100% used [0x06e00000, 0x06f00000)
AC   0  O    TS     0 PTAMS 0x07000000 NTAMS 0x07000000 space 1024K, 100% used [0x06f00000, 0x07000000)
AC   0  O    TS     0 PTAMS 0x07100000 NTAMS 0x07100000 space 1024K, 100% used [0x07000000, 0x07100000)
AC   0  O    TS     0 PTAMS 0x07200000 NTAMS 0x07200000 space 1024K, 100% used [0x07100000, 0x07200000)
AC   0  O    TS     0 PTAMS 0x07300000 NTAMS 0x07300000 space 1024K, 100% used [0x07200000, 0x07300000)
AC   0  O    TS     0 PTAMS 0x07400000 NTAMS 0x07400000 space 1024K, 100% used [0x07300000, 0x07400000)
AC   0  O    TS     0 PTAMS 0x07500000 NTAMS 0x07500000 space 1024K, 100% used [0x07400000, 0x07500000)
AC   0  O    TS     0 PTAMS 0x07600000 NTAMS 0x07600000 space 1024K, 100% used [0x07500000, 0x07600000)
AC   0  O    TS     0 PTAMS 0x07700000 NTAMS 0x07700000 space 1024K, 100% used [0x07600000, 0x07700000)
AC   0  O    TS     0 PTAMS 0x07800000 NTAMS 0x07800000 space 1024K, 100% used [0x07700000, 0x07800000)
AC   0  O    TS     0 PTAMS 0x07900000 NTAMS 0x07900000 space 1024K, 100% used [0x07800000, 0x07900000)
AC   0  O    TS     0 PTAMS 0x07a00000 NTAMS 0x07a00000 space 1024K, 100% used [0x07900000, 0x07a00000)
AC   0  F    TS     0 PTAMS 0x07a00000 NTAMS 0x07a00000 space 1024K,   0% used [0x07a00000, 0x07b00000)
AC   0 HS    TS     0 PTAMS 0x07b00000 NTAMS 0x07b00000 space 1024K,  56% used [0x07b00000, 0x07c00000)
AC   0  O    TS     0 PTAMS 0x07d00000 NTAMS 0x07d00000 space 1024K, 100% used [0x07c00000, 0x07d00000)
AC   0 HS    TS     0 PTAMS 0x07d00000 NTAMS 0x07d00000 space 1024K,  56% used [0x07d00000, 0x07e00000)
AC   0  O    TS     0 PTAMS 0x07f00000 NTAMS 0x07f00000 space 1024K, 100% used [0x07e00000, 0x07f00000)
AC   0 HS    TS     0 PTAMS 0x07f00000 NTAMS 0x07f00000 space 1024K,  85% used [0x07f00000, 0x08000000)
AC   0  O    TS     0 PTAMS 0x08100000 NTAMS 0x08100000 space 1024K, 100% used [0x08000000, 0x08100000)
AC   0  O    TS     0 PTAMS 0x08200000 NTAMS 0x08200000 space 1024K, 100% used [0x08100000, 0x08200000)
AC   0  O    TS     0 PTAMS 0x08300000 NTAMS 0x08300000 space 1024K, 100% used [0x08200000, 0x08300000)
AC   0  O    TS     0 PTAMS 0x08400000 NTAMS 0x08400000 space 1024K, 100% used [0x08300000, 0x08400000)
AC   0  O    TS     0 PTAMS 0x08500000 NTAMS 0x08500000 space 1024K, 100% used [0x08400000, 0x08500000)
AC   0  O    TS     0 PTAMS 0x08600000 NTAMS 0x08600000 space 1024K, 100% used [0x08500000, 0x08600000)
AC   0  O    TS     0 PTAMS 0x08700000 NTAMS 0x08700000 space 1024K, 100% used [0x08600000, 0x08700000)
AC   0  O    TS     0 PTAMS 0x08800000 NTAMS 0x08800000 space 1024K, 100% used [0x08700000, 0x08800000)
AC   0  O    TS     0 PTAMS 0x08900000 NTAMS 0x08900000 space 1024K, 100% used [0x08800000, 0x08900000)
AC   0 HS    TS     0 PTAMS 0x08900000 NTAMS 0x08900000 space 2048K,  56% used [0x08900000, 0x08b00000)
AC   0 HC    TS     0 PTAMS 0x08a00000 NTAMS 0x08a00000 space 1024K,  12% used [0x08a00000, 0x08b00000)
AC   0  O    TS     0 PTAMS 0x08c00000 NTAMS 0x08c00000 space 1024K, 100% used [0x08b00000, 0x08c00000)
AC   0  O    TS     0 PTAMS 0x08d00000 NTAMS 0x08d00000 space 1024K, 100% used [0x08c00000, 0x08d00000)
AC   0  F    TS     0 PTAMS 0x08d00000 NTAMS 0x08d00000 space 1024K,   0% used [0x08d00000, 0x08e00000)
AC   0  F    TS     0 PTAMS 0x08e00000 NTAMS 0x08e00000 space 1024K,   0% used [0x08e00000, 0x08f00000)
AC   0  F    TS     0 PTAMS 0x08f00000 NTAMS 0x08f00000 space 1024K,   0% used [0x08f00000, 0x09000000)
AC   0  O    TS     0 PTAMS 0x09100000 NTAMS 0x09100000 space 1024K, 100% used [0x09000000, 0x09100000)
AC   0  O    TS     0 PTAMS 0x09200000 NTAMS 0x09200000 space 1024K, 100% used [0x09100000, 0x09200000)
AC   0  O    TS     0 PTAMS 0x09300000 NTAMS 0x09300000 space 1024K, 100% used [0x09200000, 0x09300000)
AC   0  O    TS     0 PTAMS 0x09400000 NTAMS 0x09400000 space 1024K, 100% used [0x09300000, 0x09400000)
AC   0  O    TS     0 PTAMS 0x09500000 NTAMS 0x09500000 space 1024K, 100% used [0x09400000, 0x09500000)
AC   0  F    TS     0 PTAMS 0x09500000 NTAMS 0x09500000 space 1024K,   0% used [0x09500000, 0x09600000)
AC   0  O    TS     0 PTAMS 0x09700000 NTAMS 0x09700000 space 1024K, 100% used [0x09600000, 0x09700000)
AC   0  F    TS     0 PTAMS 0x09700000 NTAMS 0x09700000 space 1024K,   0% used [0x09700000, 0x09800000)
AC   0  O    TS     0 PTAMS 0x09900000 NTAMS 0x09900000 space 1024K, 100% used [0x09800000, 0x09900000)
AC   0  F    TS     0 PTAMS 0x09900000 NTAMS 0x09900000 space 1024K,   0% used [0x09900000, 0x09a00000)
AC   0  F    TS     0 PTAMS 0x09a00000 NTAMS 0x09a00000 space 1024K,   0% used [0x09a00000, 0x09b00000)
AC   0  F    TS     0 PTAMS 0x09b00000 NTAMS 0x09b00000 space 1024K,   0% used [0x09b00000, 0x09c00000)
AC   0  F    TS     0 PTAMS 0x09c00000 NTAMS 0x09c00000 space 1024K,   0% used [0x09c00000, 0x09d00000)
AC   0  F    TS     0 PTAMS 0x09d00000 NTAMS 0x09d00000 space 1024K,   0% used [0x09d00000, 0x09e00000)
AC   0  F    TS     0 PTAMS 0x09e00000 NTAMS 0x09e00000 space 1024K,   0% used [0x09e00000, 0x09f00000)
AC   0  O    TS     0 PTAMS 0x0a000000 NTAMS 0x0a000000 space 1024K, 100% used [0x09f00000, 0x0a000000)
AC   0  F    TS     0 PTAMS 0x0a000000 NTAMS 0x0a000000 space 1024K,   0% used [0x0a000000, 0x0a100000)
AC   0  F    TS     0 PTAMS 0x0a100000 NTAMS 0x0a100000 space 1024K,   0% used [0x0a100000, 0x0a200000)
AC   0  F    TS     0 PTAMS 0x0a200000 NTAMS 0x0a200000 space 1024K,   0% used [0x0a200000, 0x0a300000)
AC   0  F    TS     0 PTAMS 0x0a300000 NTAMS 0x0a300000 space 1024K,   0% used [0x0a300000, 0x0a400000)
AC   0  F    TS     0 PTAMS 0x0a400000 NTAMS 0x0a400000 space 1024K,   0% used [0x0a400000, 0x0a500000)
AC   0  F    TS     0 PTAMS 0x0a500000 NTAMS 0x0a500000 space 1024K,   0% used [0x0a500000, 0x0a600000)
AC   0  F    TS     0 PTAMS 0x0a600000 NTAMS 0x0a600000 space 1024K,   0% used [0x0a600000, 0x0a700000)
AC   0  F    TS     0 PTAMS 0x0a700000 NTAMS 0x0a700000 space 1024K,   0% used [0x0a700000, 0x0a800000)
AC   0  F    TS     0 PTAMS 0x0a800000 NTAMS 0x0a800000 space 1024K,   0% used [0x0a800000, 0x0a900000)
AC   0  F    TS     0 PTAMS 0x0a900000 NTAMS 0x0a900000 space 1024K,   0% used [0x0a900000, 0x0aa00000)
AC   0  F    TS     0 PTAMS 0x0aa00000 NTAMS 0x0aa00000 space 1024K,   0% used [0x0aa00000, 0x0ab00000)
AC   0  F    TS     0 PTAMS 0x0ab00000 NTAMS 0x0ab00000 space 1024K,   0% used [0x0ab00000, 0x0ac00000)
AC   0  F    TS     0 PTAMS 0x0ac00000 NTAMS 0x0ac00000 space 1024K,   0% used [0x0ac00000, 0x0ad00000)
AC   0  F    TS     0 PTAMS 0x0ad00000 NTAMS 0x0ad00000 space 1024K,   0% used [0x0ad00000, 0x0ae00000)
AC   0  F    TS     0 PTAMS 0x0ae00000 NTAMS 0x0ae00000 space 1024K,   0% used [0x0ae00000, 0x0af00000)
AC   0  F    TS     0 PTAMS 0x0af00000 NTAMS 0x0af00000 space 1024K,   0% used [0x0af00000, 0x0b000000)
AC   0  F    TS     0 PTAMS 0x0b000000 NTAMS 0x0b000000 space 1024K,   0% used [0x0b000000, 0x0b100000)
AC   0  F    TS     0 PTAMS 0x0b100000 NTAMS 0x0b100000 space 1024K,   0% used [0x0b100000, 0x0b200000)
AC   0  F    TS     0 PTAMS 0x0b200000 NTAMS 0x0b200000 space 1024K,   0% used [0x0b200000, 0x0b300000)
AC   0  F    TS     0 PTAMS 0x0b300000 NTAMS 0x0b300000 space 1024K,   0% used [0x0b300000, 0x0b400000)
AC   0  F    TS     0 PTAMS 0x0b400000 NTAMS 0x0b400000 space 1024K,   0% used [0x0b400000, 0x0b500000)
AC   0  F    TS     0 PTAMS 0x0b500000 NTAMS 0x0b500000 space 1024K,   0% used [0x0b500000, 0x0b600000)
AC   0  F    TS     0 PTAMS 0x0b600000 NTAMS 0x0b600000 space 1024K,   0% used [0x0b600000, 0x0b700000)
AC   0  F    TS     0 PTAMS 0x0b700000 NTAMS 0x0b700000 space 1024K,   0% used [0x0b700000, 0x0b800000)
AC   0  F    TS     0 PTAMS 0x0b800000 NTAMS 0x0b800000 space 1024K,   0% used [0x0b800000, 0x0b900000)
AC   0  F    TS     0 PTAMS 0x0b900000 NTAMS 0x0b900000 space 1024K,   0% used [0x0b900000, 0x0ba00000)
AC   0  F    TS     0 PTAMS 0x0ba00000 NTAMS 0x0ba00000 space 1024K,   0% used [0x0ba00000, 0x0bb00000)
AC   0  F    TS     0 PTAMS 0x0bb00000 NTAMS 0x0bb00000 space 1024K,   0% used [0x0bb00000, 0x0bc00000)
AC   0  F    TS     0 PTAMS 0x0bc00000 NTAMS 0x0bc00000 space 1024K,   0% used [0x0bc00000, 0x0bd00000)
AC   0  F    TS     0 PTAMS 0x0bd00000 NTAMS 0x0bd00000 space 1024K,   0% used [0x0bd00000, 0x0be00000)
AC   0  F    TS     0 PTAMS 0x0be00000 NTAMS 0x0be00000 space 1024K,   0% used [0x0be00000, 0x0bf00000)
AC   0  F    TS     0 PTAMS 0x0bf00000 NTAMS 0x0bf00000 space 1024K,   0% used [0x0bf00000, 0x0c000000)
AC   0  F    TS     0 PTAMS 0x0c000000 NTAMS 0x0c000000 space 1024K,   0% used [0x0c000000, 0x0c100000)
AC   0  F    TS     0 PTAMS 0x0c100000 NTAMS 0x0c100000 space 1024K,   0% used [0x0c100000, 0x0c200000)
AC   0  F    TS     0 PTAMS 0x0c200000 NTAMS 0x0c200000 space 1024K,   0% used [0x0c200000, 0x0c300000)
AC   0  F    TS     0 PTAMS 0x0c300000 NTAMS 0x0c300000 space 1024K,   0% used [0x0c300000, 0x0c400000)
AC   0  F    TS     0 PTAMS 0x0c400000 NTAMS 0x0c400000 space 1024K,   0% used [0x0c400000, 0x0c500000)
AC   0  E    TS     0 PTAMS 0x0c500000 NTAMS 0x0c500000 space 1024K,  65% used [0x0c500000, 0x0c600000)
AC   0  E CS TS     0 PTAMS 0x0c600000 NTAMS 0x0c600000 space 1024K, 100% used [0x0c600000, 0x0c700000)
AC   0  E CS TS     0 PTAMS 0x0c700000 NTAMS 0x0c700000 space 1024K, 100% used [0x0c700000, 0x0c800000)
AC   0  E CS TS     0 PTAMS 0x0c800000 NTAMS 0x0c800000 space 1024K, 100% used [0x0c800000, 0x0c900000)
AC   0  E CS TS     0 PTAMS 0x0c900000 NTAMS 0x0c900000 space 1024K, 100% used [0x0c900000, 0x0ca00000)
AC   0  S CS TS     0 PTAMS 0x0ca00000 NTAMS 0x0ca00000 space 1024K,  46% used [0x0ca00000, 0x0cb00000)
AC   0  S CS TS     0 PTAMS 0x0cb00000 NTAMS 0x0cb00000 space 1024K, 100% used [0x0cb00000, 0x0cc00000)
AC   0  S CS TS     0 PTAMS 0x0cc00000 NTAMS 0x0cc00000 space 1024K, 100% used [0x0cc00000, 0x0cd00000)
AC   0  E CS TS     0 PTAMS 0x0cd00000 NTAMS 0x0cd00000 space 1024K, 100% used [0x0cd00000, 0x0ce00000)
AC   0  E CS TS     0 PTAMS 0x0ce00000 NTAMS 0x0ce00000 space 1024K, 100% used [0x0ce00000, 0x0cf00000)
AC   0  E CS TS     0 PTAMS 0x0cf00000 NTAMS 0x0cf00000 space 1024K, 100% used [0x0cf00000, 0x0d000000)
AC   0  E CS TS     0 PTAMS 0x0d000000 NTAMS 0x0d000000 space 1024K, 100% used [0x0d000000, 0x0d100000)
AC   0  E CS TS     0 PTAMS 0x0d100000 NTAMS 0x0d100000 space 1024K, 100% used [0x0d100000, 0x0d200000)
AC   0  E CS TS     0 PTAMS 0x0d200000 NTAMS 0x0d200000 space 1024K, 100% used [0x0d200000, 0x0d300000)
AC   0  E CS TS     0 PTAMS 0x0d300000 NTAMS 0x0d300000 space 1024K, 100% used [0x0d300000, 0x0d400000)
AC   0  E CS TS     0 PTAMS 0x0d400000 NTAMS 0x0d400000 space 1024K, 100% used [0x0d400000, 0x0d500000)
AC   0  E CS TS     0 PTAMS 0x0d500000 NTAMS 0x0d500000 space 1024K, 100% used [0x0d500000, 0x0d600000)
AC   0  O    TS     0 PTAMS 0x0d700000 NTAMS 0x0d700000 space 1024K, 100% used [0x0d600000, 0x0d700000)
AC   0  O    TS     0 PTAMS 0x0d800000 NTAMS 0x0d800000 space 1024K, 100% used [0x0d700000, 0x0d800000)
AC   0  E CS TS     0 PTAMS 0x0d800000 NTAMS 0x0d800000 space 1024K, 100% used [0x0d800000, 0x0d900000)
AC   0  O    TS     0 PTAMS 0x0da00000 NTAMS 0x0da00000 space 1024K, 100% used [0x0d900000, 0x0da00000)
AC   0  E CS TS     0 PTAMS 0x0da00000 NTAMS 0x0da00000 space 1024K, 100% used [0x0da00000, 0x0db00000)

Card table byte_map: [0x45c00000,0x45e00000] byte_map_base: 0x45bd4000

Marking Bits (Prev, Next): (CMBitMap*) 0x03174ef4, (CMBitMap*) 0x03174ec8
 Prev Bits: [0x47000000, 0x48000000)
 Next Bits: [0x46000000, 0x47000000)

Polling page: 0x00f90000

CodeCache: size=32768Kb used=5678Kb max_used=5753Kb free=27089Kb
 bounds [0x03270000, 0x03830000, 0x05270000]
 total_blobs=2377 nmethods=2165 adapters=140
 compilation: enabled

Compilation events (10 events):
Event: 6939.653 Thread 0x4885c000 nmethod 9726 0x035fb148 code [0x035fb250, 0x035fb3ac]
Event: 6939.657 Thread 0x4885c000 9727             java.util.ArrayList::grow (45 bytes)
Event: 6939.657 Thread 0x4885c000 nmethod 9727 0x0364ba48 code [0x0364bb60, 0x0364bd18]
Event: 6939.658 Thread 0x4885c000 9728             java.util.Arrays::copyOf (46 bytes)
Event: 6939.659 Thread 0x4885c000 nmethod 9728 0x0364b548 code [0x0364b670, 0x0364b914]
Event: 6939.659 Thread 0x4885c000 9729             org.eclipse.jdt.internal.core.JarPackageFragment::<init> (7 bytes)
Event: 6939.659 Thread 0x4885c000 nmethod 9729 0x035faec8 code [0x035fafc0, 0x035fb0e0]
Event: 6939.659 Thread 0x4885c000 9730             org.eclipse.jdt.internal.core.JarPackageFragment::internalIsValidPackageName (2 bytes)
Event: 6939.659 Thread 0x4885c000 nmethod 9730 0x0364b388 code [0x0364b480, 0x0364b500]
Event: 6939.660 Thread 0x4885c000 9731             org.eclipse.jdt.internal.corext.codemanipulation.StubUtility2Core::getVisibleConstructors (341 bytes)

GC Heap History (10 events):
Event: 6881.709 GC heap before
{Heap before GC invocations=178 (full 0):
 garbage-first heap   total 134144K, used 63813K [0x05800000, 0x0590020c, 0x45800000)
  region size 1024K, 5 young (5120K), 2 survivors (2048K)
 Metaspace       used 32392K, capacity 33790K, committed 33920K, reserved 34176K
Event: 6881.719 GC heap after
Heap after GC invocations=179 (full 0):
 garbage-first heap   total 134144K, used 63246K [0x05800000, 0x0590020c, 0x45800000)
  region size 1024K, 4 young (4096K), 4 survivors (4096K)
 Metaspace       used 32392K, capacity 33790K, committed 33920K, reserved 34176K
}
Event: 6933.002 GC heap before
{Heap before GC invocations=180 (full 0):
 garbage-first heap   total 134144K, used 116765K [0x05800000, 0x0590020c, 0x45800000)
  region size 1024K, 53 young (54272K), 4 survivors (4096K)
 Metaspace       used 32393K, capacity 33793K, committed 33920K, reserved 34176K
Event: 6933.010 GC heap after
Heap after GC invocations=181 (full 0):
 garbage-first heap   total 134144K, used 62347K [0x05800000, 0x0590020c, 0x45800000)
  region size 1024K, 3 young (3072K), 3 survivors (3072K)
 Metaspace       used 32393K, capacity 33793K, committed 33920K, reserved 34176K
}
Event: 6933.036 GC heap before
{Heap before GC invocations=181 (full 0):
 garbage-first heap   total 134144K, used 65419K [0x05800000, 0x0590020c, 0x45800000)
  region size 1024K, 6 young (6144K), 3 survivors (3072K)
 Metaspace       used 32393K, capacity 33793K, committed 33920K, reserved 34176K
Event: 6933.055 GC heap after
Heap after GC invocations=182 (full 0):
 garbage-first heap   total 134144K, used 59927K [0x05800000, 0x0590020c, 0x45800000)
  region size 1024K, 1 young (1024K), 1 survivors (1024K)
 Metaspace       used 32393K, capacity 33793K, committed 33920K, reserved 34176K
}
Event: 6936.908 GC heap before
{Heap before GC invocations=182 (full 0):
 garbage-first heap   total 134144K, used 114199K [0x05800000, 0x0590020c, 0x45800000)
  region size 1024K, 54 young (55296K), 1 survivors (1024K)
 Metaspace       used 32393K, capacity 33793K, committed 33920K, reserved 34176K
Event: 6936.924 GC heap after
Heap after GC invocations=183 (full 0):
 garbage-first heap   total 134144K, used 60639K [0x05800000, 0x0590020c, 0x45800000)
  region size 1024K, 2 young (2048K), 2 survivors (2048K)
 Metaspace       used 32393K, capacity 33793K, committed 33920K, reserved 34176K
}
Event: 6937.264 GC heap before
{Heap before GC invocations=183 (full 0):
 garbage-first heap   total 134144K, used 70879K [0x05800000, 0x0590020c, 0x45800000)
  region size 1024K, 13 young (13312K), 2 survivors (2048K)
 Metaspace       used 32393K, capacity 33793K, committed 33920K, reserved 34176K
Event: 6937.274 GC heap after
Heap after GC invocations=184 (full 0):
 garbage-first heap   total 134144K, used 61431K [0x05800000, 0x0590020c, 0x45800000)
  region size 1024K, 3 young (3072K), 3 survivors (3072K)
 Metaspace       used 32393K, capacity 33793K, committed 33920K, reserved 34176K
}

Deoptimization events (0 events):
No events

Classes redefined (0 events):
No events

Internal exceptions (10 events):
Event: 6939.646 Thread 0x4991f800 Exception <a 'java/lang/ArrayIndexOutOfBoundsException'> (0x0c7d89b8) thrown at [C:\re\workspace\8-2-build-windows-i586-cygwin\jdk8u171\10807\hotspot\src\share\vm\runtime\sharedRuntime.cpp, line 605]
Event: 6939.646 Thread 0x4991f800 Exception <a 'java/lang/ArrayIndexOutOfBoundsException'> (0x0c7d8c30) thrown at [C:\re\workspace\8-2-build-windows-i586-cygwin\jdk8u171\10807\hotspot\src\share\vm\runtime\sharedRuntime.cpp, line 605]
Event: 6939.650 Thread 0x4991f800 Exception <a 'java/lang/ArrayIndexOutOfBoundsException'> (0x0c63a6d8) thrown at [C:\re\workspace\8-2-build-windows-i586-cygwin\jdk8u171\10807\hotspot\src\share\vm\runtime\sharedRuntime.cpp, line 605]
Event: 6939.651 Thread 0x4991f800 Exception <a 'java/lang/ArrayIndexOutOfBoundsException'> (0x0c65c940) thrown at [C:\re\workspace\8-2-build-windows-i586-cygwin\jdk8u171\10807\hotspot\src\share\vm\runtime\sharedRuntime.cpp, line 605]
Event: 6939.651 Thread 0x4991f800 Exception <a 'java/lang/ArrayIndexOutOfBoundsException'> (0x0c65cde0) thrown at [C:\re\workspace\8-2-build-windows-i586-cygwin\jdk8u171\10807\hotspot\src\share\vm\runtime\sharedRuntime.cpp, line 605]
Event: 6939.653 Thread 0x4991f800 Exception <a 'java/lang/ArrayIndexOutOfBoundsException'> (0x0c6a6f08) thrown at [C:\re\workspace\8-2-build-windows-i586-cygwin\jdk8u171\10807\hotspot\src\share\vm\runtime\sharedRuntime.cpp, line 605]
Event: 6939.658 Thread 0x4991f800 Exception <a 'java/lang/ArrayIndexOutOfBoundsException'> (0x0c527d48) thrown at [C:\re\workspace\8-2-build-windows-i586-cygwin\jdk8u171\10807\hotspot\src\share\vm\runtime\sharedRuntime.cpp, line 605]
Event: 6939.668 Thread 0x49921400 Exception <a 'java/lang/ArrayIndexOutOfBoundsException'> (0x0c593160) thrown at [C:\re\workspace\8-2-build-windows-i586-cygwin\jdk8u171\10807\hotspot\src\share\vm\runtime\sharedRuntime.cpp, line 605]
Event: 6939.668 Thread 0x49921400 Exception <a 'java/lang/ArrayIndexOutOfBoundsException'> (0x0c593388) thrown at [C:\re\workspace\8-2-build-windows-i586-cygwin\jdk8u171\10807\hotspot\src\share\vm\runtime\sharedRuntime.cpp, line 605]
Event: 6939.668 Thread 0x49921400 Exception <a 'java/lang/ArrayIndexOutOfBoundsException'> (0x0c5935b0) thrown at [C:\re\workspace\8-2-build-windows-i586-cygwin\jdk8u171\10807\hotspot\src\share\vm\runtime\sharedRuntime.cpp, line 605]

Events (10 events):
Event: 6938.802 Thread 0x4885c000 flushing nmethod 0x0364b2c8
Event: 6938.802 Thread 0x4885c000 flushing nmethod 0x03698dc8
Event: 6938.802 Thread 0x4885c000 flushing nmethod 0x036dcf48
Event: 6938.802 Thread 0x4885c000 flushing nmethod 0x036e13c8
Event: 6938.802 Thread 0x4885c000 flushing nmethod 0x036e18c8
Event: 6938.802 Thread 0x4885c000 flushing nmethod 0x036e1d48
Event: 6938.802 Thread 0x4885c000 flushing nmethod 0x037007c8
Event: 6938.802 Thread 0x4885c000 flushing nmethod 0x037009c8
Event: 6938.803 Thread 0x4885c000 flushing nmethod 0x03783e48
Event: 6938.803 Thread 0x4885c000 flushing nmethod 0x03784548


Dynamic libraries:
0x00d10000 - 0x00d43000 	C:\Program Files (x86)\Java\jdk1.8.0_171\bin\java.exe
0x77dc0000 - 0x77f50000 	C:\WINDOWS\SYSTEM32\ntdll.dll
0x75920000 - 0x75a00000 	C:\WINDOWS\System32\KERNEL32.DLL
0x75ba0000 - 0x75d84000 	C:\WINDOWS\System32\KERNELBASE.dll
0x69800000 - 0x6989d000 	C:\WINDOWS\SYSTEM32\apphelp.dll
0x77a90000 - 0x77b08000 	C:\WINDOWS\System32\ADVAPI32.dll
0x74840000 - 0x748ff000 	C:\WINDOWS\System32\msvcrt.dll
0x750d0000 - 0x75114000 	C:\WINDOWS\System32\sechost.dll
0x75a00000 - 0x75ac0000 	C:\WINDOWS\System32\RPCRT4.dll
0x74680000 - 0x746a0000 	C:\WINDOWS\System32\SspiCli.dll
0x74670000 - 0x7467a000 	C:\WINDOWS\System32\CRYPTBASE.dll
0x749e0000 - 0x74a38000 	C:\WINDOWS\System32\bcryptPrimitives.dll
0x75790000 - 0x7591d000 	C:\WINDOWS\System32\USER32.dll
0x75ea0000 - 0x75eb7000 	C:\WINDOWS\System32\win32u.dll
0x77210000 - 0x77232000 	C:\WINDOWS\System32\GDI32.dll
0x77b60000 - 0x77cc4000 	C:\WINDOWS\System32\gdi32full.dll
0x74a40000 - 0x74abd000 	C:\WINDOWS\System32\msvcp_win.dll
0x75180000 - 0x7529d000 	C:\WINDOWS\System32\ucrtbase.dll
0x704e0000 - 0x706e4000 	C:\WINDOWS\WinSxS\x86_microsoft.windows.common-controls_6595b64144ccf1df_6.0.17134.765_none_42efd88044e1819c\COMCTL32.dll
0x74ac0000 - 0x74d1c000 	C:\WINDOWS\System32\combase.dll
0x75330000 - 0x75356000 	C:\WINDOWS\System32\IMM32.DLL
0x68c00000 - 0x68cbf000 	C:\Program Files (x86)\Java\jdk1.8.0_171\jre\bin\msvcr100.dll
0x6c740000 - 0x6cb11000 	C:\Program Files (x86)\Java\jdk1.8.0_171\jre\bin\client\jvm.dll
0x749d0000 - 0x749d6000 	C:\WINDOWS\System32\PSAPI.DLL
0x6ed30000 - 0x6ed38000 	C:\WINDOWS\SYSTEM32\WSOCK32.dll
0x77920000 - 0x77987000 	C:\WINDOWS\System32\WS2_32.dll
0x74250000 - 0x74274000 	C:\WINDOWS\SYSTEM32\WINMM.dll
0x74660000 - 0x74668000 	C:\WINDOWS\SYSTEM32\VERSION.dll
0x74220000 - 0x74243000 	C:\WINDOWS\SYSTEM32\WINMMBASE.dll
0x75130000 - 0x75169000 	C:\WINDOWS\System32\cfgmgr32.dll
0x69660000 - 0x6966c000 	C:\Program Files (x86)\Java\jdk1.8.0_171\jre\bin\verify.dll
0x69630000 - 0x69652000 	C:\Program Files (x86)\Java\jdk1.8.0_171\jre\bin\java.dll
0x69610000 - 0x69624000 	C:\Program Files (x86)\Java\jdk1.8.0_171\jre\bin\zip.dll
0x75ec0000 - 0x7720a000 	C:\WINDOWS\System32\SHELL32.dll
0x752a0000 - 0x75328000 	C:\WINDOWS\System32\shcore.dll
0x77260000 - 0x7781a000 	C:\WINDOWS\System32\windows.storage.dll
0x77b10000 - 0x77b55000 	C:\WINDOWS\System32\shlwapi.dll
0x77240000 - 0x7724f000 	C:\WINDOWS\System32\kernel.appcore.dll
0x74960000 - 0x74978000 	C:\WINDOWS\System32\profapi.dll
0x778d0000 - 0x77915000 	C:\WINDOWS\System32\powrprof.dll
0x75170000 - 0x75178000 	C:\WINDOWS\System32\FLTLIB.DLL
0x73fc0000 - 0x73fd3000 	C:\WINDOWS\SYSTEM32\CRYPTSP.dll
0x73f90000 - 0x73fbf000 	C:\WINDOWS\system32\rsaenh.dll
0x73f70000 - 0x73f89000 	C:\WINDOWS\SYSTEM32\bcrypt.dll
0x74620000 - 0x74641000 	C:\WINDOWS\SYSTEM32\USERENV.dll
0x695f0000 - 0x69605000 	C:\Program Files (x86)\Java\jdk1.8.0_171\jre\bin\net.dll
0x72670000 - 0x726c6000 	C:\WINDOWS\system32\mswsock.dll
0x74520000 - 0x74550000 	C:\WINDOWS\SYSTEM32\IPHLPAPI.DLL
0x77250000 - 0x77257000 	C:\WINDOWS\System32\NSI.dll
0x739e0000 - 0x739f3000 	C:\WINDOWS\SYSTEM32\dhcpcsvc6.DLL
0x741b0000 - 0x741c4000 	C:\WINDOWS\SYSTEM32\dhcpcsvc.DLL
0x695e0000 - 0x695ef000 	C:\Program Files (x86)\Java\jdk1.8.0_171\jre\bin\nio.dll
0x69590000 - 0x695b0000 	C:\Program Files (x86)\Java\jdk1.8.0_171\jre\bin\sunec.dll
0x68bf0000 - 0x68bf9000 	C:\Program Files (x86)\Java\jdk1.8.0_171\jre\bin\sunmscapi.dll
0x746a0000 - 0x74836000 	C:\WINDOWS\System32\CRYPT32.dll
0x75d90000 - 0x75d9e000 	C:\WINDOWS\System32\MSASN1.dll
0x73d70000 - 0x73dfe000 	C:\WINDOWS\SYSTEM32\DNSAPI.dll
0x725f0000 - 0x725f8000 	C:\Windows\System32\rasadhlp.dll
0x71a90000 - 0x71adf000 	C:\WINDOWS\System32\fwpuclnt.dll

VM Arguments:
jvm_args: -Declipse.application=org.eclipse.jdt.ls.core.id1 -Dosgi.bundles.defaultStartLevel=4 -Declipse.product=org.eclipse.jdt.ls.core.product -Dfile.encoding=utf8 -DwatchParentProcess=false -Xverify:none -Xmx1G -XX:+UseG1GC -XX:+UseStringDeduplication 
java_command: C:\Users\Administrator\.vscode\extensions\redhat.java-0.46.0\server\plugins\org.eclipse.equinox.launcher_1.5.400.v20190515-0925.jar -configuration C:\Users\Administrator\.vscode\extensions\redhat.java-0.46.0\server\config_win -data c:\Users\Administrator\AppData\Roaming\Code\User\workspaceStorage\fad0c6a79a8ba28a7c82430c4c314dcf\redhat.java\jdt_ws
java_class_path (initial): C:\Users\Administrator\.vscode\extensions\redhat.java-0.46.0\server\plugins\org.eclipse.equinox.launcher_1.5.400.v20190515-0925.jar
Launcher Type: SUN_STANDARD

Environment Variables:
PATH=C:\Program Files (x86)\Common Files\Oracle\Java\javapath;C:\Program Files (x86)\Java\jdk1.8.0_171\bin;C:\WINDOWS\system32;C:\WINDOWS;C:\WINDOWS\System32\Wbem;C:\WINDOWS\System32\WindowsPowerShell\v1.0\;"%ANDROID_HOME%\platform-tools;%ANDROID_HOME%\tools";C:\Users\Administrator\AppData\Local\Android\Sdk\platform-tools;"C:\Program Files\Git\bin;C:\Program Files\Git\cmd";C:\Users\Administrator\AppData\Local\Programs\Python\Python36-32\;C:\Program Files\Mozilla Firefox;D:\软件安装\;D:\软件安装\Microsoft VS Code\bin;C:\WINDOWS\System32\OpenSSH\;C:\Program Files\nodejs;E:\Blog\node_modules\.bin;C:\Program Files\nodejs\;D:\MySQL\mysql-5.7.25-winx64\bin;C:\Users\Administrator\AppData\Local\Programs\Python\Python36-32\Scripts\;C:\Users\Administrator\AppData\Local\Programs\Python\Python36-32\;C:\Users\Administrator\AppData\Local\Microsoft\WindowsApps;C:\Program Files\Git\cmd;C:\Users\Administrator\AppData\Local\Microsoft\WindowsApps;C:\Program Files\nodejs;C:\Users\Administrator\AppData\Roaming\npm
USERNAME=Administrator
OS=Windows_NT
PROCESSOR_IDENTIFIER=Intel64 Family 6 Model 69 Stepping 1, GenuineIntel



---------------  S Y S T E M  ---------------

OS: Windows 10.0 , 64 bit Build 17134 (10.0.17134.753)

CPU:total 4 (initial active 4) (2 cores per cpu, 2 threads per core) family 6 model 69 stepping 1, cmov, cx8, fxsr, mmx, sse, sse2, sse3, ssse3, sse4.1, sse4.2, popcnt, avx, avx2, aes, clmul, erms, lzcnt, ht, tsc, tscinvbit, bmi1, bmi2

Memory: 4k page, physical 4088172k(751820k free), swap 8449868k(0k free)

vm_info: Java HotSpot(TM) Client VM (25.171-b11) for windows-x86 JRE (1.8.0_171-b11), built on Mar 28 2018 14:51:22 by "java_re" with MS VC++ 10.0 (VS2010)

time: Fri Jun 14 20:34:09 2019
elapsed time: 6940 seconds (0d 1h 55m 40s)

